This file contains any messages produced by compilers while
running configure, to aid debugging if configure makes a mistake.

It was created by ELF_Linker configure 1.0, which was
generated by GNU Autoconf 2.69.  Invocation command line was

  $ ./configure 

## --------- ##
## Platform. ##
## --------- ##

hostname = im2ag-turing
uname -m = x86_64
uname -r = 4.13.13-6-pve
uname -s = Linux
uname -v = #1 SMP PVE 4.13.13-42 (Fri, 9 Mar 2018 11:55:18 +0100)

/usr/bin/uname -p = unknown
/bin/uname -X     = unknown

/bin/arch              = unknown
/usr/bin/arch -k       = unknown
/usr/convex/getsysinfo = unknown
/usr/bin/hostinfo      = unknown
/bin/machine           = unknown
/usr/bin/oslevel       = unknown
/bin/universe          = unknown

PATH: /Public/401_INF_Public/bin
PATH: /opt/gnu/arm/bin
PATH: /Public/401_INF_Public/bin
PATH: /opt/gnu/arm/bin
PATH: /usr/local/bin
PATH: /usr/local/sbin
PATH: /usr/bin
PATH: /usr/sbin
PATH: /bin
PATH: /sbin


## ----------- ##
## Core tests. ##
## ----------- ##

configure:2393: checking for a BSD-compatible install
configure:2461: result: /usr/bin/install -c
configure:2472: checking whether build environment is sane
configure:2527: result: yes
configure:2678: checking for a thread-safe mkdir -p
configure:2717: result: /bin/mkdir -p
configure:2724: checking for gawk
configure:2740: found /usr/bin/gawk
configure:2751: result: gawk
configure:2762: checking whether make sets $(MAKE)
configure:2784: result: yes
configure:2813: checking whether make supports nested variables
configure:2830: result: yes
configure:3008: checking for gcc
configure:3024: found /usr/bin/gcc
configure:3035: result: gcc
configure:3264: checking for C compiler version
configure:3273: gcc --version >&5
gcc (Debian 4.9.2-10) 4.9.2
Copyright (C) 2014 Free Software Foundation, Inc.
This is free software; see the source for copying conditions.  There is NO
warranty; not even for MERCHANTABILITY or FITNESS FOR A PARTICULAR PURPOSE.

configure:3284: $? = 0
configure:3273: gcc -v >&5
Using built-in specs.
COLLECT_GCC=gcc
COLLECT_LTO_WRAPPER=/usr/lib/gcc/x86_64-linux-gnu/4.9/lto-wrapper
Target: x86_64-linux-gnu
Configured with: ../src/configure -v --with-pkgversion='Debian 4.9.2-10' --with-bugurl=file:///usr/share/doc/gcc-4.9/README.Bugs --enable-languages=c,c++,java,go,d,fortran,objc,obj-c++ --prefix=/usr --program-suffix=-4.9 --enable-shared --enable-linker-build-id --libexecdir=/usr/lib --without-included-gettext --enable-threads=posix --with-gxx-include-dir=/usr/include/c++/4.9 --libdir=/usr/lib --enable-nls --with-sysroot=/ --enable-clocale=gnu --enable-libstdcxx-debug --enable-libstdcxx-time=yes --enable-gnu-unique-object --disable-vtable-verify --enable-plugin --with-system-zlib --disable-browser-plugin --enable-java-awt=gtk --enable-gtk-cairo --with-java-home=/usr/lib/jvm/java-1.5.0-gcj-4.9-amd64/jre --enable-java-home --with-jvm-root-dir=/usr/lib/jvm/java-1.5.0-gcj-4.9-amd64 --with-jvm-jar-dir=/usr/lib/jvm-exports/java-1.5.0-gcj-4.9-amd64 --with-arch-directory=amd64 --with-ecj-jar=/usr/share/java/eclipse-ecj.jar --enable-objc-gc --enable-multiarch --with-arch-32=i586 --with-abi=m64 --with-multilib-list=m32,m64,mx32 --enable-multilib --with-tune=generic --enable-checking=release --build=x86_64-linux-gnu --host=x86_64-linux-gnu --target=x86_64-linux-gnu
Thread model: posix
gcc version 4.9.2 (Debian 4.9.2-10) 
configure:3284: $? = 0
configure:3273: gcc -V >&5
gcc: error: unrecognized command line option '-V'
gcc: fatal error: no input files
compilation terminated.
configure:3284: $? = 4
configure:3273: gcc -qversion >&5
gcc: error: unrecognized command line option '-qversion'
gcc: fatal error: no input files
compilation terminated.
configure:3284: $? = 4
configure:3304: checking whether the C compiler works
configure:3326: gcc    conftest.c  >&5
configure:3330: $? = 0
configure:3378: result: yes
configure:3381: checking for C compiler default output file name
configure:3383: result: a.out
configure:3389: checking for suffix of executables
configure:3396: gcc -o conftest    conftest.c  >&5
configure:3400: $? = 0
configure:3422: result: 
configure:3444: checking whether we are cross compiling
configure:3452: gcc -o conftest    conftest.c  >&5
configure:3456: $? = 0
configure:3463: ./conftest
configure:3467: $? = 0
configure:3482: result: no
configure:3487: checking for suffix of object files
configure:3509: gcc -c   conftest.c >&5
configure:3513: $? = 0
configure:3534: result: o
configure:3538: checking whether we are using the GNU C compiler
configure:3557: gcc -c   conftest.c >&5
configure:3557: $? = 0
configure:3566: result: yes
configure:3575: checking whether gcc accepts -g
configure:3595: gcc -c -g  conftest.c >&5
configure:3595: $? = 0
configure:3636: result: yes
configure:3653: checking for gcc option to accept ISO C89
configure:3716: gcc  -c -g -O2  conftest.c >&5
configure:3716: $? = 0
configure:3729: result: none needed
configure:3754: checking whether gcc understands -c and -o together
configure:3776: gcc -c conftest.c -o conftest2.o
configure:3779: $? = 0
configure:3776: gcc -c conftest.c -o conftest2.o
configure:3779: $? = 0
configure:3791: result: yes
configure:3819: checking for style of include used by make
configure:3847: result: GNU
configure:3873: checking dependency style of gcc
configure:3984: result: gcc3
configure:4004: checking for flex
configure:4034: result: no
configure:4004: checking for lex
configure:4034: result: no
configure:4171: checking how to run the C preprocessor
configure:4202: gcc -E  conftest.c
configure:4202: $? = 0
configure:4216: gcc -E  conftest.c
conftest.c:11:28: fatal error: ac_nonexistent.h: No such file or directory
 #include <ac_nonexistent.h>
                            ^
compilation terminated.
configure:4216: $? = 1
configure: failed program was:
| /* confdefs.h */
| #define PACKAGE_NAME "ELF_Linker"
| #define PACKAGE_TARNAME "elf_linker"
| #define PACKAGE_VERSION "1.0"
| #define PACKAGE_STRING "ELF_Linker 1.0"
| #define PACKAGE_BUGREPORT "Guillaume.Huard@imag.fr"
| #define PACKAGE_URL ""
| #define PACKAGE "elf_linker"
| #define VERSION "1.0"
| /* end confdefs.h.  */
| #include <ac_nonexistent.h>
configure:4241: result: gcc -E
configure:4261: gcc -E  conftest.c
configure:4261: $? = 0
configure:4275: gcc -E  conftest.c
conftest.c:11:28: fatal error: ac_nonexistent.h: No such file or directory
 #include <ac_nonexistent.h>
                            ^
compilation terminated.
configure:4275: $? = 1
configure: failed program was:
| /* confdefs.h */
| #define PACKAGE_NAME "ELF_Linker"
| #define PACKAGE_TARNAME "elf_linker"
| #define PACKAGE_VERSION "1.0"
| #define PACKAGE_STRING "ELF_Linker 1.0"
| #define PACKAGE_BUGREPORT "Guillaume.Huard@imag.fr"
| #define PACKAGE_URL ""
| #define PACKAGE "elf_linker"
| #define VERSION "1.0"
| /* end confdefs.h.  */
| #include <ac_nonexistent.h>
configure:4304: checking for grep that handles long lines and -e
configure:4362: result: /bin/grep
configure:4367: checking for egrep
configure:4429: result: /bin/grep -E
configure:4434: checking for ANSI C header files
configure:4454: gcc -c -g -O2  conftest.c >&5
configure:4454: $? = 0
configure:4527: gcc -o conftest -g -O2   conftest.c  >&5
configure:4527: $? = 0
configure:4527: ./conftest
configure:4527: $? = 0
configure:4538: result: yes
configure:4551: checking for sys/types.h
configure:4551: gcc -c -g -O2  conftest.c >&5
configure:4551: $? = 0
configure:4551: result: yes
configure:4551: checking for sys/stat.h
configure:4551: gcc -c -g -O2  conftest.c >&5
configure:4551: $? = 0
configure:4551: result: yes
configure:4551: checking for stdlib.h
configure:4551: gcc -c -g -O2  conftest.c >&5
configure:4551: $? = 0
configure:4551: result: yes
configure:4551: checking for string.h
configure:4551: gcc -c -g -O2  conftest.c >&5
configure:4551: $? = 0
configure:4551: result: yes
configure:4551: checking for memory.h
configure:4551: gcc -c -g -O2  conftest.c >&5
configure:4551: $? = 0
configure:4551: result: yes
configure:4551: checking for strings.h
configure:4551: gcc -c -g -O2  conftest.c >&5
configure:4551: $? = 0
configure:4551: result: yes
configure:4551: checking for inttypes.h
configure:4551: gcc -c -g -O2  conftest.c >&5
configure:4551: $? = 0
configure:4551: result: yes
configure:4551: checking for stdint.h
configure:4551: gcc -c -g -O2  conftest.c >&5
configure:4551: $? = 0
configure:4551: result: yes
configure:4551: checking for unistd.h
configure:4551: gcc -c -g -O2  conftest.c >&5
configure:4551: $? = 0
configure:4551: result: yes
configure:4566: checking arpa/inet.h usability
configure:4566: gcc -c -g -O2  conftest.c >&5
configure:4566: $? = 0
configure:4566: result: yes
configure:4566: checking arpa/inet.h presence
configure:4566: gcc -E  conftest.c
configure:4566: $? = 0
configure:4566: result: yes
configure:4566: checking for arpa/inet.h
configure:4566: result: yes
configure:4566: checking fcntl.h usability
configure:4566: gcc -c -g -O2  conftest.c >&5
configure:4566: $? = 0
configure:4566: result: yes
configure:4566: checking fcntl.h presence
configure:4566: gcc -E  conftest.c
configure:4566: $? = 0
configure:4566: result: yes
configure:4566: checking for fcntl.h
configure:4566: result: yes
configure:4566: checking for inttypes.h
configure:4566: result: yes
configure:4566: checking netdb.h usability
configure:4566: gcc -c -g -O2  conftest.c >&5
configure:4566: $? = 0
configure:4566: result: yes
configure:4566: checking netdb.h presence
configure:4566: gcc -E  conftest.c
configure:4566: $? = 0
configure:4566: result: yes
configure:4566: checking for netdb.h
configure:4566: result: yes
configure:4566: checking netinet/in.h usability
configure:4566: gcc -c -g -O2  conftest.c >&5
configure:4566: $? = 0
configure:4566: result: yes
configure:4566: checking netinet/in.h presence
configure:4566: gcc -E  conftest.c
configure:4566: $? = 0
configure:4566: result: yes
configure:4566: checking for netinet/in.h
configure:4566: result: yes
configure:4566: checking for stdlib.h
configure:4566: result: yes
configure:4566: checking for string.h
configure:4566: result: yes
configure:4566: checking for strings.h
configure:4566: result: yes
configure:4566: checking sys/socket.h usability
configure:4566: gcc -c -g -O2  conftest.c >&5
configure:4566: $? = 0
configure:4566: result: yes
configure:4566: checking sys/socket.h presence
configure:4566: gcc -E  conftest.c
configure:4566: $? = 0
configure:4566: result: yes
configure:4566: checking for sys/socket.h
configure:4566: result: yes
configure:4566: checking sys/time.h usability
configure:4566: gcc -c -g -O2  conftest.c >&5
configure:4566: $? = 0
configure:4566: result: yes
configure:4566: checking sys/time.h presence
configure:4566: gcc -E  conftest.c
configure:4566: $? = 0
configure:4566: result: yes
configure:4566: checking for sys/time.h
configure:4566: result: yes
configure:4566: checking for unistd.h
configure:4566: result: yes
configure:4578: checking for mode_t
configure:4578: gcc -c -g -O2  conftest.c >&5
configure:4578: $? = 0
configure:4578: gcc -c -g -O2  conftest.c >&5
conftest.c: In function 'main':
conftest.c:68:21: error: expected expression before ')' token
 if (sizeof ((mode_t)))
                     ^
configure:4578: $? = 1
configure: failed program was:
| /* confdefs.h */
| #define PACKAGE_NAME "ELF_Linker"
| #define PACKAGE_TARNAME "elf_linker"
| #define PACKAGE_VERSION "1.0"
| #define PACKAGE_STRING "ELF_Linker 1.0"
| #define PACKAGE_BUGREPORT "Guillaume.Huard@imag.fr"
| #define PACKAGE_URL ""
| #define PACKAGE "elf_linker"
| #define VERSION "1.0"
| #define STDC_HEADERS 1
| #define HAVE_SYS_TYPES_H 1
| #define HAVE_SYS_STAT_H 1
| #define HAVE_STDLIB_H 1
| #define HAVE_STRING_H 1
| #define HAVE_MEMORY_H 1
| #define HAVE_STRINGS_H 1
| #define HAVE_INTTYPES_H 1
| #define HAVE_STDINT_H 1
| #define HAVE_UNISTD_H 1
| #define HAVE_ARPA_INET_H 1
| #define HAVE_FCNTL_H 1
| #define HAVE_INTTYPES_H 1
| #define HAVE_NETDB_H 1
| #define HAVE_NETINET_IN_H 1
| #define HAVE_STDLIB_H 1
| #define HAVE_STRING_H 1
| #define HAVE_STRINGS_H 1
| #define HAVE_SYS_SOCKET_H 1
| #define HAVE_SYS_TIME_H 1
| #define HAVE_UNISTD_H 1
| /* end confdefs.h.  */
| #include <stdio.h>
| #ifdef HAVE_SYS_TYPES_H
| # include <sys/types.h>
| #endif
| #ifdef HAVE_SYS_STAT_H
| # include <sys/stat.h>
| #endif
| #ifdef STDC_HEADERS
| # include <stdlib.h>
| # include <stddef.h>
| #else
| # ifdef HAVE_STDLIB_H
| #  include <stdlib.h>
| # endif
| #endif
| #ifdef HAVE_STRING_H
| # if !defined STDC_HEADERS && defined HAVE_MEMORY_H
| #  include <memory.h>
| # endif
| # include <string.h>
| #endif
| #ifdef HAVE_STRINGS_H
| # include <strings.h>
| #endif
| #ifdef HAVE_INTTYPES_H
| # include <inttypes.h>
| #endif
| #ifdef HAVE_STDINT_H
| # include <stdint.h>
| #endif
| #ifdef HAVE_UNISTD_H
| # include <unistd.h>
| #endif
| int
| main ()
| {
| if (sizeof ((mode_t)))
| 	    return 0;
|   ;
|   return 0;
| }
configure:4578: result: yes
configure:4589: checking for off_t
configure:4589: gcc -c -g -O2  conftest.c >&5
configure:4589: $? = 0
configure:4589: gcc -c -g -O2  conftest.c >&5
conftest.c: In function 'main':
conftest.c:68:20: error: expected expression before ')' token
 if (sizeof ((off_t)))
                    ^
configure:4589: $? = 1
configure: failed program was:
| /* confdefs.h */
| #define PACKAGE_NAME "ELF_Linker"
| #define PACKAGE_TARNAME "elf_linker"
| #define PACKAGE_VERSION "1.0"
| #define PACKAGE_STRING "ELF_Linker 1.0"
| #define PACKAGE_BUGREPORT "Guillaume.Huard@imag.fr"
| #define PACKAGE_URL ""
| #define PACKAGE "elf_linker"
| #define VERSION "1.0"
| #define STDC_HEADERS 1
| #define HAVE_SYS_TYPES_H 1
| #define HAVE_SYS_STAT_H 1
| #define HAVE_STDLIB_H 1
| #define HAVE_STRING_H 1
| #define HAVE_MEMORY_H 1
| #define HAVE_STRINGS_H 1
| #define HAVE_INTTYPES_H 1
| #define HAVE_STDINT_H 1
| #define HAVE_UNISTD_H 1
| #define HAVE_ARPA_INET_H 1
| #define HAVE_FCNTL_H 1
| #define HAVE_INTTYPES_H 1
| #define HAVE_NETDB_H 1
| #define HAVE_NETINET_IN_H 1
| #define HAVE_STDLIB_H 1
| #define HAVE_STRING_H 1
| #define HAVE_STRINGS_H 1
| #define HAVE_SYS_SOCKET_H 1
| #define HAVE_SYS_TIME_H 1
| #define HAVE_UNISTD_H 1
| /* end confdefs.h.  */
| #include <stdio.h>
| #ifdef HAVE_SYS_TYPES_H
| # include <sys/types.h>
| #endif
| #ifdef HAVE_SYS_STAT_H
| # include <sys/stat.h>
| #endif
| #ifdef STDC_HEADERS
| # include <stdlib.h>
| # include <stddef.h>
| #else
| # ifdef HAVE_STDLIB_H
| #  include <stdlib.h>
| # endif
| #endif
| #ifdef HAVE_STRING_H
| # if !defined STDC_HEADERS && defined HAVE_MEMORY_H
| #  include <memory.h>
| # endif
| # include <string.h>
| #endif
| #ifdef HAVE_STRINGS_H
| # include <strings.h>
| #endif
| #ifdef HAVE_INTTYPES_H
| # include <inttypes.h>
| #endif
| #ifdef HAVE_STDINT_H
| # include <stdint.h>
| #endif
| #ifdef HAVE_UNISTD_H
| # include <unistd.h>
| #endif
| int
| main ()
| {
| if (sizeof ((off_t)))
| 	    return 0;
|   ;
|   return 0;
| }
configure:4589: result: yes
configure:4600: checking for pid_t
configure:4600: gcc -c -g -O2  conftest.c >&5
configure:4600: $? = 0
configure:4600: gcc -c -g -O2  conftest.c >&5
conftest.c: In function 'main':
conftest.c:68:20: error: expected expression before ')' token
 if (sizeof ((pid_t)))
                    ^
configure:4600: $? = 1
configure: failed program was:
| /* confdefs.h */
| #define PACKAGE_NAME "ELF_Linker"
| #define PACKAGE_TARNAME "elf_linker"
| #define PACKAGE_VERSION "1.0"
| #define PACKAGE_STRING "ELF_Linker 1.0"
| #define PACKAGE_BUGREPORT "Guillaume.Huard@imag.fr"
| #define PACKAGE_URL ""
| #define PACKAGE "elf_linker"
| #define VERSION "1.0"
| #define STDC_HEADERS 1
| #define HAVE_SYS_TYPES_H 1
| #define HAVE_SYS_STAT_H 1
| #define HAVE_STDLIB_H 1
| #define HAVE_STRING_H 1
| #define HAVE_MEMORY_H 1
| #define HAVE_STRINGS_H 1
| #define HAVE_INTTYPES_H 1
| #define HAVE_STDINT_H 1
| #define HAVE_UNISTD_H 1
| #define HAVE_ARPA_INET_H 1
| #define HAVE_FCNTL_H 1
| #define HAVE_INTTYPES_H 1
| #define HAVE_NETDB_H 1
| #define HAVE_NETINET_IN_H 1
| #define HAVE_STDLIB_H 1
| #define HAVE_STRING_H 1
| #define HAVE_STRINGS_H 1
| #define HAVE_SYS_SOCKET_H 1
| #define HAVE_SYS_TIME_H 1
| #define HAVE_UNISTD_H 1
| /* end confdefs.h.  */
| #include <stdio.h>
| #ifdef HAVE_SYS_TYPES_H
| # include <sys/types.h>
| #endif
| #ifdef HAVE_SYS_STAT_H
| # include <sys/stat.h>
| #endif
| #ifdef STDC_HEADERS
| # include <stdlib.h>
| # include <stddef.h>
| #else
| # ifdef HAVE_STDLIB_H
| #  include <stdlib.h>
| # endif
| #endif
| #ifdef HAVE_STRING_H
| # if !defined STDC_HEADERS && defined HAVE_MEMORY_H
| #  include <memory.h>
| # endif
| # include <string.h>
| #endif
| #ifdef HAVE_STRINGS_H
| # include <strings.h>
| #endif
| #ifdef HAVE_INTTYPES_H
| # include <inttypes.h>
| #endif
| #ifdef HAVE_STDINT_H
| # include <stdint.h>
| #endif
| #ifdef HAVE_UNISTD_H
| # include <unistd.h>
| #endif
| int
| main ()
| {
| if (sizeof ((pid_t)))
| 	    return 0;
|   ;
|   return 0;
| }
configure:4600: result: yes
configure:4611: checking for size_t
configure:4611: gcc -c -g -O2  conftest.c >&5
configure:4611: $? = 0
configure:4611: gcc -c -g -O2  conftest.c >&5
conftest.c: In function 'main':
conftest.c:68:21: error: expected expression before ')' token
 if (sizeof ((size_t)))
                     ^
configure:4611: $? = 1
configure: failed program was:
| /* confdefs.h */
| #define PACKAGE_NAME "ELF_Linker"
| #define PACKAGE_TARNAME "elf_linker"
| #define PACKAGE_VERSION "1.0"
| #define PACKAGE_STRING "ELF_Linker 1.0"
| #define PACKAGE_BUGREPORT "Guillaume.Huard@imag.fr"
| #define PACKAGE_URL ""
| #define PACKAGE "elf_linker"
| #define VERSION "1.0"
| #define STDC_HEADERS 1
| #define HAVE_SYS_TYPES_H 1
| #define HAVE_SYS_STAT_H 1
| #define HAVE_STDLIB_H 1
| #define HAVE_STRING_H 1
| #define HAVE_MEMORY_H 1
| #define HAVE_STRINGS_H 1
| #define HAVE_INTTYPES_H 1
| #define HAVE_STDINT_H 1
| #define HAVE_UNISTD_H 1
| #define HAVE_ARPA_INET_H 1
| #define HAVE_FCNTL_H 1
| #define HAVE_INTTYPES_H 1
| #define HAVE_NETDB_H 1
| #define HAVE_NETINET_IN_H 1
| #define HAVE_STDLIB_H 1
| #define HAVE_STRING_H 1
| #define HAVE_STRINGS_H 1
| #define HAVE_SYS_SOCKET_H 1
| #define HAVE_SYS_TIME_H 1
| #define HAVE_UNISTD_H 1
| /* end confdefs.h.  */
| #include <stdio.h>
| #ifdef HAVE_SYS_TYPES_H
| # include <sys/types.h>
| #endif
| #ifdef HAVE_SYS_STAT_H
| # include <sys/stat.h>
| #endif
| #ifdef STDC_HEADERS
| # include <stdlib.h>
| # include <stddef.h>
| #else
| # ifdef HAVE_STDLIB_H
| #  include <stdlib.h>
| # endif
| #endif
| #ifdef HAVE_STRING_H
| # if !defined STDC_HEADERS && defined HAVE_MEMORY_H
| #  include <memory.h>
| # endif
| # include <string.h>
| #endif
| #ifdef HAVE_STRINGS_H
| # include <strings.h>
| #endif
| #ifdef HAVE_INTTYPES_H
| # include <inttypes.h>
| #endif
| #ifdef HAVE_STDINT_H
| # include <stdint.h>
| #endif
| #ifdef HAVE_UNISTD_H
| # include <unistd.h>
| #endif
| int
| main ()
| {
| if (sizeof ((size_t)))
| 	    return 0;
|   ;
|   return 0;
| }
configure:4611: result: yes
configure:4622: checking for ssize_t
configure:4622: gcc -c -g -O2  conftest.c >&5
configure:4622: $? = 0
configure:4622: gcc -c -g -O2  conftest.c >&5
conftest.c: In function 'main':
conftest.c:68:22: error: expected expression before ')' token
 if (sizeof ((ssize_t)))
                      ^
configure:4622: $? = 1
configure: failed program was:
| /* confdefs.h */
| #define PACKAGE_NAME "ELF_Linker"
| #define PACKAGE_TARNAME "elf_linker"
| #define PACKAGE_VERSION "1.0"
| #define PACKAGE_STRING "ELF_Linker 1.0"
| #define PACKAGE_BUGREPORT "Guillaume.Huard@imag.fr"
| #define PACKAGE_URL ""
| #define PACKAGE "elf_linker"
| #define VERSION "1.0"
| #define STDC_HEADERS 1
| #define HAVE_SYS_TYPES_H 1
| #define HAVE_SYS_STAT_H 1
| #define HAVE_STDLIB_H 1
| #define HAVE_STRING_H 1
| #define HAVE_MEMORY_H 1
| #define HAVE_STRINGS_H 1
| #define HAVE_INTTYPES_H 1
| #define HAVE_STDINT_H 1
| #define HAVE_UNISTD_H 1
| #define HAVE_ARPA_INET_H 1
| #define HAVE_FCNTL_H 1
| #define HAVE_INTTYPES_H 1
| #define HAVE_NETDB_H 1
| #define HAVE_NETINET_IN_H 1
| #define HAVE_STDLIB_H 1
| #define HAVE_STRING_H 1
| #define HAVE_STRINGS_H 1
| #define HAVE_SYS_SOCKET_H 1
| #define HAVE_SYS_TIME_H 1
| #define HAVE_UNISTD_H 1
| /* end confdefs.h.  */
| #include <stdio.h>
| #ifdef HAVE_SYS_TYPES_H
| # include <sys/types.h>
| #endif
| #ifdef HAVE_SYS_STAT_H
| # include <sys/stat.h>
| #endif
| #ifdef STDC_HEADERS
| # include <stdlib.h>
| # include <stddef.h>
| #else
| # ifdef HAVE_STDLIB_H
| #  include <stdlib.h>
| # endif
| #endif
| #ifdef HAVE_STRING_H
| # if !defined STDC_HEADERS && defined HAVE_MEMORY_H
| #  include <memory.h>
| # endif
| # include <string.h>
| #endif
| #ifdef HAVE_STRINGS_H
| # include <strings.h>
| #endif
| #ifdef HAVE_INTTYPES_H
| # include <inttypes.h>
| #endif
| #ifdef HAVE_STDINT_H
| # include <stdint.h>
| #endif
| #ifdef HAVE_UNISTD_H
| # include <unistd.h>
| #endif
| int
| main ()
| {
| if (sizeof ((ssize_t)))
| 	    return 0;
|   ;
|   return 0;
| }
configure:4622: result: yes
configure:4633: checking for int8_t
configure:4633: gcc -c -g -O2  conftest.c >&5
configure:4633: $? = 0
configure:4633: gcc -c -g -O2  conftest.c >&5
conftest.c: In function 'main':
conftest.c:69:12: error: size of array 'test_array' is negative
 static int test_array [1 - 2 * !((int8_t) (((((int8_t) 1 << N) << N) - 1) * 2 + 1)
            ^
configure:4633: $? = 1
configure: failed program was:
| /* confdefs.h */
| #define PACKAGE_NAME "ELF_Linker"
| #define PACKAGE_TARNAME "elf_linker"
| #define PACKAGE_VERSION "1.0"
| #define PACKAGE_STRING "ELF_Linker 1.0"
| #define PACKAGE_BUGREPORT "Guillaume.Huard@imag.fr"
| #define PACKAGE_URL ""
| #define PACKAGE "elf_linker"
| #define VERSION "1.0"
| #define STDC_HEADERS 1
| #define HAVE_SYS_TYPES_H 1
| #define HAVE_SYS_STAT_H 1
| #define HAVE_STDLIB_H 1
| #define HAVE_STRING_H 1
| #define HAVE_MEMORY_H 1
| #define HAVE_STRINGS_H 1
| #define HAVE_INTTYPES_H 1
| #define HAVE_STDINT_H 1
| #define HAVE_UNISTD_H 1
| #define HAVE_ARPA_INET_H 1
| #define HAVE_FCNTL_H 1
| #define HAVE_INTTYPES_H 1
| #define HAVE_NETDB_H 1
| #define HAVE_NETINET_IN_H 1
| #define HAVE_STDLIB_H 1
| #define HAVE_STRING_H 1
| #define HAVE_STRINGS_H 1
| #define HAVE_SYS_SOCKET_H 1
| #define HAVE_SYS_TIME_H 1
| #define HAVE_UNISTD_H 1
| /* end confdefs.h.  */
| #include <stdio.h>
| #ifdef HAVE_SYS_TYPES_H
| # include <sys/types.h>
| #endif
| #ifdef HAVE_SYS_STAT_H
| # include <sys/stat.h>
| #endif
| #ifdef STDC_HEADERS
| # include <stdlib.h>
| # include <stddef.h>
| #else
| # ifdef HAVE_STDLIB_H
| #  include <stdlib.h>
| # endif
| #endif
| #ifdef HAVE_STRING_H
| # if !defined STDC_HEADERS && defined HAVE_MEMORY_H
| #  include <memory.h>
| # endif
| # include <string.h>
| #endif
| #ifdef HAVE_STRINGS_H
| # include <strings.h>
| #endif
| #ifdef HAVE_INTTYPES_H
| # include <inttypes.h>
| #endif
| #ifdef HAVE_STDINT_H
| # include <stdint.h>
| #endif
| #ifdef HAVE_UNISTD_H
| # include <unistd.h>
| #endif
| 	        enum { N = 8 / 2 - 1 };
| int
| main ()
| {
| static int test_array [1 - 2 * !((int8_t) (((((int8_t) 1 << N) << N) - 1) * 2 + 1)
| 		 < (int8_t) (((((int8_t) 1 << N) << N) - 1) * 2 + 2))];
| test_array [0] = 0;
| return test_array [0];
| 
|   ;
|   return 0;
| }
configure:4633: result: yes
configure:4644: checking for int16_t
configure:4644: gcc -c -g -O2  conftest.c >&5
configure:4644: $? = 0
configure:4644: gcc -c -g -O2  conftest.c >&5
conftest.c: In function 'main':
conftest.c:69:12: error: size of array 'test_array' is negative
 static int test_array [1 - 2 * !((int16_t) (((((int16_t) 1 << N) << N) - 1) * 2 + 1)
            ^
configure:4644: $? = 1
configure: failed program was:
| /* confdefs.h */
| #define PACKAGE_NAME "ELF_Linker"
| #define PACKAGE_TARNAME "elf_linker"
| #define PACKAGE_VERSION "1.0"
| #define PACKAGE_STRING "ELF_Linker 1.0"
| #define PACKAGE_BUGREPORT "Guillaume.Huard@imag.fr"
| #define PACKAGE_URL ""
| #define PACKAGE "elf_linker"
| #define VERSION "1.0"
| #define STDC_HEADERS 1
| #define HAVE_SYS_TYPES_H 1
| #define HAVE_SYS_STAT_H 1
| #define HAVE_STDLIB_H 1
| #define HAVE_STRING_H 1
| #define HAVE_MEMORY_H 1
| #define HAVE_STRINGS_H 1
| #define HAVE_INTTYPES_H 1
| #define HAVE_STDINT_H 1
| #define HAVE_UNISTD_H 1
| #define HAVE_ARPA_INET_H 1
| #define HAVE_FCNTL_H 1
| #define HAVE_INTTYPES_H 1
| #define HAVE_NETDB_H 1
| #define HAVE_NETINET_IN_H 1
| #define HAVE_STDLIB_H 1
| #define HAVE_STRING_H 1
| #define HAVE_STRINGS_H 1
| #define HAVE_SYS_SOCKET_H 1
| #define HAVE_SYS_TIME_H 1
| #define HAVE_UNISTD_H 1
| /* end confdefs.h.  */
| #include <stdio.h>
| #ifdef HAVE_SYS_TYPES_H
| # include <sys/types.h>
| #endif
| #ifdef HAVE_SYS_STAT_H
| # include <sys/stat.h>
| #endif
| #ifdef STDC_HEADERS
| # include <stdlib.h>
| # include <stddef.h>
| #else
| # ifdef HAVE_STDLIB_H
| #  include <stdlib.h>
| # endif
| #endif
| #ifdef HAVE_STRING_H
| # if !defined STDC_HEADERS && defined HAVE_MEMORY_H
| #  include <memory.h>
| # endif
| # include <string.h>
| #endif
| #ifdef HAVE_STRINGS_H
| # include <strings.h>
| #endif
| #ifdef HAVE_INTTYPES_H
| # include <inttypes.h>
| #endif
| #ifdef HAVE_STDINT_H
| # include <stdint.h>
| #endif
| #ifdef HAVE_UNISTD_H
| # include <unistd.h>
| #endif
| 	        enum { N = 16 / 2 - 1 };
| int
| main ()
| {
| static int test_array [1 - 2 * !((int16_t) (((((int16_t) 1 << N) << N) - 1) * 2 + 1)
| 		 < (int16_t) (((((int16_t) 1 << N) << N) - 1) * 2 + 2))];
| test_array [0] = 0;
| return test_array [0];
| 
|   ;
|   return 0;
| }
configure:4644: result: yes
configure:4655: checking for int32_t
configure:4655: gcc -c -g -O2  conftest.c >&5
configure:4655: $? = 0
configure:4655: gcc -c -g -O2  conftest.c >&5
conftest.c: In function 'main':
conftest.c:70:53: warning: integer overflow in expression [-Woverflow]
    < (int32_t) (((((int32_t) 1 << N) << N) - 1) * 2 + 2))];
                                                     ^
conftest.c:69:12: error: storage size of 'test_array' isn't constant
 static int test_array [1 - 2 * !((int32_t) (((((int32_t) 1 << N) << N) - 1) * 2 + 1)
            ^
configure:4655: $? = 1
configure: failed program was:
| /* confdefs.h */
| #define PACKAGE_NAME "ELF_Linker"
| #define PACKAGE_TARNAME "elf_linker"
| #define PACKAGE_VERSION "1.0"
| #define PACKAGE_STRING "ELF_Linker 1.0"
| #define PACKAGE_BUGREPORT "Guillaume.Huard@imag.fr"
| #define PACKAGE_URL ""
| #define PACKAGE "elf_linker"
| #define VERSION "1.0"
| #define STDC_HEADERS 1
| #define HAVE_SYS_TYPES_H 1
| #define HAVE_SYS_STAT_H 1
| #define HAVE_STDLIB_H 1
| #define HAVE_STRING_H 1
| #define HAVE_MEMORY_H 1
| #define HAVE_STRINGS_H 1
| #define HAVE_INTTYPES_H 1
| #define HAVE_STDINT_H 1
| #define HAVE_UNISTD_H 1
| #define HAVE_ARPA_INET_H 1
| #define HAVE_FCNTL_H 1
| #define HAVE_INTTYPES_H 1
| #define HAVE_NETDB_H 1
| #define HAVE_NETINET_IN_H 1
| #define HAVE_STDLIB_H 1
| #define HAVE_STRING_H 1
| #define HAVE_STRINGS_H 1
| #define HAVE_SYS_SOCKET_H 1
| #define HAVE_SYS_TIME_H 1
| #define HAVE_UNISTD_H 1
| /* end confdefs.h.  */
| #include <stdio.h>
| #ifdef HAVE_SYS_TYPES_H
| # include <sys/types.h>
| #endif
| #ifdef HAVE_SYS_STAT_H
| # include <sys/stat.h>
| #endif
| #ifdef STDC_HEADERS
| # include <stdlib.h>
| # include <stddef.h>
| #else
| # ifdef HAVE_STDLIB_H
| #  include <stdlib.h>
| # endif
| #endif
| #ifdef HAVE_STRING_H
| # if !defined STDC_HEADERS && defined HAVE_MEMORY_H
| #  include <memory.h>
| # endif
| # include <string.h>
| #endif
| #ifdef HAVE_STRINGS_H
| # include <strings.h>
| #endif
| #ifdef HAVE_INTTYPES_H
| # include <inttypes.h>
| #endif
| #ifdef HAVE_STDINT_H
| # include <stdint.h>
| #endif
| #ifdef HAVE_UNISTD_H
| # include <unistd.h>
| #endif
| 	        enum { N = 32 / 2 - 1 };
| int
| main ()
| {
| static int test_array [1 - 2 * !((int32_t) (((((int32_t) 1 << N) << N) - 1) * 2 + 1)
| 		 < (int32_t) (((((int32_t) 1 << N) << N) - 1) * 2 + 2))];
| test_array [0] = 0;
| return test_array [0];
| 
|   ;
|   return 0;
| }
configure:4655: result: yes
configure:4666: checking for int64_t
configure:4666: gcc -c -g -O2  conftest.c >&5
configure:4666: $? = 0
configure:4666: gcc -c -g -O2  conftest.c >&5
conftest.c: In function 'main':
conftest.c:70:53: warning: integer overflow in expression [-Woverflow]
    < (int64_t) (((((int64_t) 1 << N) << N) - 1) * 2 + 2))];
                                                     ^
conftest.c:69:12: error: storage size of 'test_array' isn't constant
 static int test_array [1 - 2 * !((int64_t) (((((int64_t) 1 << N) << N) - 1) * 2 + 1)
            ^
configure:4666: $? = 1
configure: failed program was:
| /* confdefs.h */
| #define PACKAGE_NAME "ELF_Linker"
| #define PACKAGE_TARNAME "elf_linker"
| #define PACKAGE_VERSION "1.0"
| #define PACKAGE_STRING "ELF_Linker 1.0"
| #define PACKAGE_BUGREPORT "Guillaume.Huard@imag.fr"
| #define PACKAGE_URL ""
| #define PACKAGE "elf_linker"
| #define VERSION "1.0"
| #define STDC_HEADERS 1
| #define HAVE_SYS_TYPES_H 1
| #define HAVE_SYS_STAT_H 1
| #define HAVE_STDLIB_H 1
| #define HAVE_STRING_H 1
| #define HAVE_MEMORY_H 1
| #define HAVE_STRINGS_H 1
| #define HAVE_INTTYPES_H 1
| #define HAVE_STDINT_H 1
| #define HAVE_UNISTD_H 1
| #define HAVE_ARPA_INET_H 1
| #define HAVE_FCNTL_H 1
| #define HAVE_INTTYPES_H 1
| #define HAVE_NETDB_H 1
| #define HAVE_NETINET_IN_H 1
| #define HAVE_STDLIB_H 1
| #define HAVE_STRING_H 1
| #define HAVE_STRINGS_H 1
| #define HAVE_SYS_SOCKET_H 1
| #define HAVE_SYS_TIME_H 1
| #define HAVE_UNISTD_H 1
| /* end confdefs.h.  */
| #include <stdio.h>
| #ifdef HAVE_SYS_TYPES_H
| # include <sys/types.h>
| #endif
| #ifdef HAVE_SYS_STAT_H
| # include <sys/stat.h>
| #endif
| #ifdef STDC_HEADERS
| # include <stdlib.h>
| # include <stddef.h>
| #else
| # ifdef HAVE_STDLIB_H
| #  include <stdlib.h>
| # endif
| #endif
| #ifdef HAVE_STRING_H
| # if !defined STDC_HEADERS && defined HAVE_MEMORY_H
| #  include <memory.h>
| # endif
| # include <string.h>
| #endif
| #ifdef HAVE_STRINGS_H
| # include <strings.h>
| #endif
| #ifdef HAVE_INTTYPES_H
| # include <inttypes.h>
| #endif
| #ifdef HAVE_STDINT_H
| # include <stdint.h>
| #endif
| #ifdef HAVE_UNISTD_H
| # include <unistd.h>
| #endif
| 	        enum { N = 64 / 2 - 1 };
| int
| main ()
| {
| static int test_array [1 - 2 * !((int64_t) (((((int64_t) 1 << N) << N) - 1) * 2 + 1)
| 		 < (int64_t) (((((int64_t) 1 << N) << N) - 1) * 2 + 2))];
| test_array [0] = 0;
| return test_array [0];
| 
|   ;
|   return 0;
| }
configure:4666: result: yes
configure:4677: checking for uint8_t
configure:4677: gcc -c -g -O2  conftest.c >&5
configure:4677: $? = 0
configure:4677: result: yes
configure:4691: checking for uint16_t
configure:4691: gcc -c -g -O2  conftest.c >&5
configure:4691: $? = 0
configure:4691: result: yes
configure:4703: checking for uint32_t
configure:4703: gcc -c -g -O2  conftest.c >&5
configure:4703: $? = 0
configure:4703: result: yes
configure:4717: checking for uint64_t
configure:4717: gcc -c -g -O2  conftest.c >&5
configure:4717: $? = 0
configure:4717: result: yes
configure:4731: checking for error_at_line
configure:4747: gcc -o conftest -g -O2   conftest.c  >&5
configure:4747: $? = 0
configure:4755: result: yes
configure:4770: checking vfork.h usability
configure:4770: gcc -c -g -O2  conftest.c >&5
conftest.c:65:19: fatal error: vfork.h: No such file or directory
 #include <vfork.h>
                   ^
compilation terminated.
configure:4770: $? = 1
configure: failed program was:
| /* confdefs.h */
| #define PACKAGE_NAME "ELF_Linker"
| #define PACKAGE_TARNAME "elf_linker"
| #define PACKAGE_VERSION "1.0"
| #define PACKAGE_STRING "ELF_Linker 1.0"
| #define PACKAGE_BUGREPORT "Guillaume.Huard@imag.fr"
| #define PACKAGE_URL ""
| #define PACKAGE "elf_linker"
| #define VERSION "1.0"
| #define STDC_HEADERS 1
| #define HAVE_SYS_TYPES_H 1
| #define HAVE_SYS_STAT_H 1
| #define HAVE_STDLIB_H 1
| #define HAVE_STRING_H 1
| #define HAVE_MEMORY_H 1
| #define HAVE_STRINGS_H 1
| #define HAVE_INTTYPES_H 1
| #define HAVE_STDINT_H 1
| #define HAVE_UNISTD_H 1
| #define HAVE_ARPA_INET_H 1
| #define HAVE_FCNTL_H 1
| #define HAVE_INTTYPES_H 1
| #define HAVE_NETDB_H 1
| #define HAVE_NETINET_IN_H 1
| #define HAVE_STDLIB_H 1
| #define HAVE_STRING_H 1
| #define HAVE_STRINGS_H 1
| #define HAVE_SYS_SOCKET_H 1
| #define HAVE_SYS_TIME_H 1
| #define HAVE_UNISTD_H 1
| /* end confdefs.h.  */
| #include <stdio.h>
| #ifdef HAVE_SYS_TYPES_H
| # include <sys/types.h>
| #endif
| #ifdef HAVE_SYS_STAT_H
| # include <sys/stat.h>
| #endif
| #ifdef STDC_HEADERS
| # include <stdlib.h>
| # include <stddef.h>
| #else
| # ifdef HAVE_STDLIB_H
| #  include <stdlib.h>
| # endif
| #endif
| #ifdef HAVE_STRING_H
| # if !defined STDC_HEADERS && defined HAVE_MEMORY_H
| #  include <memory.h>
| # endif
| # include <string.h>
| #endif
| #ifdef HAVE_STRINGS_H
| # include <strings.h>
| #endif
| #ifdef HAVE_INTTYPES_H
| # include <inttypes.h>
| #endif
| #ifdef HAVE_STDINT_H
| # include <stdint.h>
| #endif
| #ifdef HAVE_UNISTD_H
| # include <unistd.h>
| #endif
| #include <vfork.h>
configure:4770: result: no
configure:4770: checking vfork.h presence
configure:4770: gcc -E  conftest.c
conftest.c:32:19: fatal error: vfork.h: No such file or directory
 #include <vfork.h>
                   ^
compilation terminated.
configure:4770: $? = 1
configure: failed program was:
| /* confdefs.h */
| #define PACKAGE_NAME "ELF_Linker"
| #define PACKAGE_TARNAME "elf_linker"
| #define PACKAGE_VERSION "1.0"
| #define PACKAGE_STRING "ELF_Linker 1.0"
| #define PACKAGE_BUGREPORT "Guillaume.Huard@imag.fr"
| #define PACKAGE_URL ""
| #define PACKAGE "elf_linker"
| #define VERSION "1.0"
| #define STDC_HEADERS 1
| #define HAVE_SYS_TYPES_H 1
| #define HAVE_SYS_STAT_H 1
| #define HAVE_STDLIB_H 1
| #define HAVE_STRING_H 1
| #define HAVE_MEMORY_H 1
| #define HAVE_STRINGS_H 1
| #define HAVE_INTTYPES_H 1
| #define HAVE_STDINT_H 1
| #define HAVE_UNISTD_H 1
| #define HAVE_ARPA_INET_H 1
| #define HAVE_FCNTL_H 1
| #define HAVE_INTTYPES_H 1
| #define HAVE_NETDB_H 1
| #define HAVE_NETINET_IN_H 1
| #define HAVE_STDLIB_H 1
| #define HAVE_STRING_H 1
| #define HAVE_STRINGS_H 1
| #define HAVE_SYS_SOCKET_H 1
| #define HAVE_SYS_TIME_H 1
| #define HAVE_UNISTD_H 1
| /* end confdefs.h.  */
| #include <vfork.h>
configure:4770: result: no
configure:4770: checking for vfork.h
configure:4770: result: no
configure:4783: checking for fork
configure:4783: gcc -o conftest -g -O2   conftest.c  >&5
conftest.c:55:6: warning: conflicting types for built-in function 'fork'
 char fork ();
      ^
configure:4783: $? = 0
configure:4783: result: yes
configure:4783: checking for vfork
configure:4783: gcc -o conftest -g -O2   conftest.c  >&5
configure:4783: $? = 0
configure:4783: result: yes
configure:4793: checking for working fork
configure:4815: gcc -o conftest -g -O2   conftest.c  >&5
configure:4815: $? = 0
configure:4815: ./conftest
configure:4815: $? = 0
configure:4825: result: yes
configure:4846: checking for working vfork
configure:4956: result: yes
configure:4983: checking for stdlib.h
configure:4983: result: yes
configure:4993: checking for GNU libc compatible malloc
configure:5017: gcc -o conftest -g -O2   conftest.c  >&5
configure:5017: $? = 0
configure:5017: ./conftest
configure:5017: $? = 0
configure:5027: result: yes
configure:5054: checking for stdlib.h
configure:5054: result: yes
configure:5054: checking for unistd.h
configure:5054: result: yes
configure:5054: checking for sys/param.h
configure:5054: gcc -c -g -O2  conftest.c >&5
configure:5054: $? = 0
configure:5054: result: yes
configure:5074: checking for getpagesize
configure:5074: gcc -o conftest -g -O2   conftest.c  >&5
configure:5074: $? = 0
configure:5074: result: yes
configure:5083: checking for working mmap
configure:5230: gcc -o conftest -g -O2   conftest.c  >&5
configure:5230: $? = 0
configure:5230: ./conftest
configure:5230: $? = 0
configure:5240: result: yes
configure:5251: checking for stdlib.h
configure:5251: result: yes
configure:5261: checking for GNU libc compatible realloc
configure:5285: gcc -o conftest -g -O2   conftest.c  >&5
configure:5285: $? = 0
configure:5285: ./conftest
configure:5285: $? = 0
configure:5295: result: yes
configure:5319: checking for alarm
configure:5319: gcc -o conftest -g -O2   conftest.c  >&5
configure:5319: $? = 0
configure:5319: result: yes
configure:5319: checking for bzero
configure:5319: gcc -o conftest -g -O2   conftest.c  >&5
conftest.c:69:6: warning: conflicting types for built-in function 'bzero'
 char bzero ();
      ^
configure:5319: $? = 0
configure:5319: result: yes
configure:5319: checking for dup2
configure:5319: gcc -o conftest -g -O2   conftest.c  >&5
configure:5319: $? = 0
configure:5319: result: yes
configure:5319: checking for gethostbyaddr
configure:5319: gcc -o conftest -g -O2   conftest.c  >&5
configure:5319: $? = 0
configure:5319: result: yes
configure:5319: checking for gethostbyname
configure:5319: gcc -o conftest -g -O2   conftest.c  >&5
configure:5319: $? = 0
configure:5319: result: yes
configure:5319: checking for munmap
configure:5319: gcc -o conftest -g -O2   conftest.c  >&5
configure:5319: $? = 0
configure:5319: result: yes
configure:5319: checking for select
configure:5319: gcc -o conftest -g -O2   conftest.c  >&5
configure:5319: $? = 0
configure:5319: result: yes
configure:5319: checking for socket
configure:5319: gcc -o conftest -g -O2   conftest.c  >&5
configure:5319: $? = 0
configure:5319: result: yes
configure:5319: checking for strerror
configure:5319: gcc -o conftest -g -O2   conftest.c  >&5
configure:5319: $? = 0
configure:5319: result: yes
configure:5319: checking for memset
configure:5319: gcc -o conftest -g -O2   conftest.c  >&5
conftest.c:77:6: warning: conflicting types for built-in function 'memset'
 char memset ();
      ^
configure:5319: $? = 0
configure:5319: result: yes
configure:5346: checking for arm-elf-gcc
configure:5376: result: no
configure:5346: checking for arm-linux-gnueabi-gcc
configure:5376: result: no
configure:5346: checking for arm-eabi-gcc
configure:5362: found /opt/gnu/arm/bin/arm-eabi-gcc
configure:5373: result: arm-eabi-gcc
configure:5420: enabling the Examples directory with arm-eabi cross-compiler target
configure:5606: checking that generated files are newer than configure
configure:5612: result: done
configure:5639: creating ./config.status

## ---------------------- ##
## Running config.status. ##
## ---------------------- ##

This file was extended by ELF_Linker config.status 1.0, which was
generated by GNU Autoconf 2.69.  Invocation command line was

  CONFIG_FILES    = 
  CONFIG_HEADERS  = 
  CONFIG_LINKS    = 
  CONFIG_COMMANDS = 
  $ ./config.status 

on im2ag-turing

config.status:788: creating Makefile
config.status:960: executing depfiles commands
configure:6851: === configuring in Examples_loader (/home/p/praudv/Projet/elf_linker-1.0/Examples_loader)
configure:6914: running /bin/bash ./configure --disable-option-checking '--prefix=/usr/local'  '--host=arm-eabi' '--enable-arm-compiler' --cache-file=/dev/null --srcdir=.

## ---------------- ##
## Cache variables. ##
## ---------------- ##

ac_cv_c_compiler_gnu=yes
ac_cv_c_int16_t=yes
ac_cv_c_int32_t=yes
ac_cv_c_int64_t=yes
ac_cv_c_int8_t=yes
ac_cv_c_uint16_t=yes
ac_cv_c_uint32_t=yes
ac_cv_c_uint64_t=yes
ac_cv_c_uint8_t=yes
ac_cv_env_CC_set=
ac_cv_env_CC_value=
ac_cv_env_CFLAGS_set=
ac_cv_env_CFLAGS_value=
ac_cv_env_CPPFLAGS_set=
ac_cv_env_CPPFLAGS_value=
ac_cv_env_CPP_set=
ac_cv_env_CPP_value=
ac_cv_env_LDFLAGS_set=
ac_cv_env_LDFLAGS_value=
ac_cv_env_LIBS_set=
ac_cv_env_LIBS_value=
ac_cv_env_build_alias_set=
ac_cv_env_build_alias_value=
ac_cv_env_host_alias_set=
ac_cv_env_host_alias_value=
ac_cv_env_target_alias_set=
ac_cv_env_target_alias_value=
ac_cv_func_alarm=yes
ac_cv_func_bzero=yes
ac_cv_func_dup2=yes
ac_cv_func_fork=yes
ac_cv_func_fork_works=yes
ac_cv_func_gethostbyaddr=yes
ac_cv_func_gethostbyname=yes
ac_cv_func_getpagesize=yes
ac_cv_func_malloc_0_nonnull=yes
ac_cv_func_memset=yes
ac_cv_func_mmap_fixed_mapped=yes
ac_cv_func_munmap=yes
ac_cv_func_realloc_0_nonnull=yes
ac_cv_func_select=yes
ac_cv_func_socket=yes
ac_cv_func_strerror=yes
ac_cv_func_vfork=yes
ac_cv_func_vfork_works=yes
ac_cv_header_arpa_inet_h=yes
ac_cv_header_fcntl_h=yes
ac_cv_header_inttypes_h=yes
ac_cv_header_memory_h=yes
ac_cv_header_netdb_h=yes
ac_cv_header_netinet_in_h=yes
ac_cv_header_stdc=yes
ac_cv_header_stdint_h=yes
ac_cv_header_stdlib_h=yes
ac_cv_header_string_h=yes
ac_cv_header_strings_h=yes
ac_cv_header_sys_param_h=yes
ac_cv_header_sys_socket_h=yes
ac_cv_header_sys_stat_h=yes
ac_cv_header_sys_time_h=yes
ac_cv_header_sys_types_h=yes
ac_cv_header_unistd_h=yes
ac_cv_header_vfork_h=no
ac_cv_lib_error_at_line=yes
ac_cv_objext=o
ac_cv_path_EGREP='/bin/grep -E'
ac_cv_path_GREP=/bin/grep
ac_cv_path_install='/usr/bin/install -c'
ac_cv_path_mkdir=/bin/mkdir
ac_cv_prog_AWK=gawk
ac_cv_prog_CPP='gcc -E'
ac_cv_prog_GCC_CROSS=arm-eabi-gcc
ac_cv_prog_ac_ct_CC=gcc
ac_cv_prog_cc_c89=
ac_cv_prog_cc_g=yes
ac_cv_prog_make_make_set=yes
ac_cv_type_mode_t=yes
ac_cv_type_off_t=yes
ac_cv_type_pid_t=yes
ac_cv_type_size_t=yes
ac_cv_type_ssize_t=yes
am_cv_CC_dependencies_compiler_type=gcc3
am_cv_make_support_nested_variables=yes
am_cv_prog_cc_c_o=yes

## ----------------- ##
## Output variables. ##
## ----------------- ##

ACLOCAL='${SHELL} /home/p/praudv/Projet/elf_linker-1.0/build-aux/missing aclocal-1.14'
AMDEPBACKSLASH='\'
AMDEP_FALSE='#'
AMDEP_TRUE=''
AMTAR='$${TAR-tar}'
AM_BACKSLASH='\'
AM_DEFAULT_V='$(AM_DEFAULT_VERBOSITY)'
AM_DEFAULT_VERBOSITY='1'
AM_V='$(V)'
AUTOCONF='${SHELL} /home/p/praudv/Projet/elf_linker-1.0/build-aux/missing autoconf'
AUTOHEADER='${SHELL} /home/p/praudv/Projet/elf_linker-1.0/build-aux/missing autoheader'
AUTOMAKE='${SHELL} /home/p/praudv/Projet/elf_linker-1.0/build-aux/missing automake-1.14'
AWK='gawk'
CC='gcc'
CCDEPMODE='depmode=gcc3'
CFLAGS='-g -O2'
CPP='gcc -E'
CPPFLAGS=''
CYGPATH_W='echo'
DEFS='-DPACKAGE_NAME=\"ELF_Linker\" -DPACKAGE_TARNAME=\"elf_linker\" -DPACKAGE_VERSION=\"1.0\" -DPACKAGE_STRING=\"ELF_Linker\ 1.0\" -DPACKAGE_BUGREPORT=\"Guillaume.Huard@imag.fr\" -DPACKAGE_URL=\"\" -DPACKAGE=\"elf_linker\" -DVERSION=\"1.0\" -DSTDC_HEADERS=1 -DHAVE_SYS_TYPES_H=1 -DHAVE_SYS_STAT_H=1 -DHAVE_STDLIB_H=1 -DHAVE_STRING_H=1 -DHAVE_MEMORY_H=1 -DHAVE_STRINGS_H=1 -DHAVE_INTTYPES_H=1 -DHAVE_STDINT_H=1 -DHAVE_UNISTD_H=1 -DHAVE_ARPA_INET_H=1 -DHAVE_FCNTL_H=1 -DHAVE_INTTYPES_H=1 -DHAVE_NETDB_H=1 -DHAVE_NETINET_IN_H=1 -DHAVE_STDLIB_H=1 -DHAVE_STRING_H=1 -DHAVE_STRINGS_H=1 -DHAVE_SYS_SOCKET_H=1 -DHAVE_SYS_TIME_H=1 -DHAVE_UNISTD_H=1 -DHAVE_FORK=1 -DHAVE_VFORK=1 -DHAVE_WORKING_VFORK=1 -DHAVE_WORKING_FORK=1 -DHAVE_STDLIB_H=1 -DHAVE_MALLOC=1 -DHAVE_STDLIB_H=1 -DHAVE_UNISTD_H=1 -DHAVE_SYS_PARAM_H=1 -DHAVE_GETPAGESIZE=1 -DHAVE_MMAP=1 -DHAVE_STDLIB_H=1 -DHAVE_REALLOC=1 -DHAVE_ALARM=1 -DHAVE_BZERO=1 -DHAVE_DUP2=1 -DHAVE_GETHOSTBYADDR=1 -DHAVE_GETHOSTBYNAME=1 -DHAVE_MUNMAP=1 -DHAVE_SELECT=1 -DHAVE_SOCKET=1 -DHAVE_STRERROR=1 -DHAVE_MEMSET=1'
DEPDIR='.deps'
ECHO_C=''
ECHO_N='-n'
ECHO_T=''
EGREP='/bin/grep -E'
EXEEXT=''
GCC_CROSS='arm-eabi-gcc'
GREP='/bin/grep'
HAVE_ARM_COMPILER_FALSE='#'
HAVE_ARM_COMPILER_TRUE=''
INSTALL_DATA='${INSTALL} -m 644'
INSTALL_PROGRAM='${INSTALL}'
INSTALL_SCRIPT='${INSTALL}'
INSTALL_STRIP_PROGRAM='$(install_sh) -c -s'
LDFLAGS=''
LEX='${SHELL} /home/p/praudv/Projet/elf_linker-1.0/build-aux/missing flex'
LEXLIB=''
LEX_OUTPUT_ROOT=''
LIBOBJS=''
LIBS=''
LTLIBOBJS=''
MAKEINFO='${SHELL} /home/p/praudv/Projet/elf_linker-1.0/build-aux/missing makeinfo'
MKDIR_P='/bin/mkdir -p'
OBJEXT='o'
PACKAGE='elf_linker'
PACKAGE_BUGREPORT='Guillaume.Huard@imag.fr'
PACKAGE_NAME='ELF_Linker'
PACKAGE_STRING='ELF_Linker 1.0'
PACKAGE_TARNAME='elf_linker'
PACKAGE_URL=''
PACKAGE_VERSION='1.0'
PATH_SEPARATOR=':'
SET_MAKE=''
SHELL='/bin/bash'
STRIP=''
VERSION='1.0'
ac_ct_CC='gcc'
am__EXEEXT_FALSE=''
am__EXEEXT_TRUE='#'
am__fastdepCC_FALSE='#'
am__fastdepCC_TRUE=''
am__include='include'
am__isrc=''
am__leading_dot='.'
am__nodep='_no'
am__quote=''
am__tar='$${TAR-tar} chof - "$$tardir"'
am__untar='$${TAR-tar} xf -'
bindir='${exec_prefix}/bin'
build_alias=''
datadir='${datarootdir}'
datarootdir='${prefix}/share'
docdir='${datarootdir}/doc/${PACKAGE_TARNAME}'
dvidir='${docdir}'
exec_prefix='${prefix}'
host_alias=''
htmldir='${docdir}'
includedir='${prefix}/include'
infodir='${datarootdir}/info'
install_sh='${SHELL} /home/p/praudv/Projet/elf_linker-1.0/build-aux/install-sh'
libdir='${exec_prefix}/lib'
libexecdir='${exec_prefix}/libexec'
localedir='${datarootdir}/locale'
localstatedir='${prefix}/var'
mandir='${datarootdir}/man'
mkdir_p='$(MKDIR_P)'
oldincludedir='/usr/include'
pdfdir='${docdir}'
prefix='/usr/local'
program_transform_name='s,x,x,'
psdir='${docdir}'
sbindir='${exec_prefix}/sbin'
sharedstatedir='${prefix}/com'
subdirs_custom=' Examples_loader Examples_fusion'
sysconfdir='${prefix}/etc'
target_alias=''

## ----------- ##
## confdefs.h. ##
## ----------- ##

/* confdefs.h */
#define PACKAGE_NAME "ELF_Linker"
#define PACKAGE_TARNAME "elf_linker"
#define PACKAGE_VERSION "1.0"
#define PACKAGE_STRING "ELF_Linker 1.0"
#define PACKAGE_BUGREPORT "Guillaume.Huard@imag.fr"
#define PACKAGE_URL ""
#define PACKAGE "elf_linker"
#define VERSION "1.0"
#define STDC_HEADERS 1
#define HAVE_SYS_TYPES_H 1
#define HAVE_SYS_STAT_H 1
#define HAVE_STDLIB_H 1
#define HAVE_STRING_H 1
#define HAVE_MEMORY_H 1
#define HAVE_STRINGS_H 1
#define HAVE_INTTYPES_H 1
#define HAVE_STDINT_H 1
#define HAVE_UNISTD_H 1
#define HAVE_ARPA_INET_H 1
#define HAVE_FCNTL_H 1
#define HAVE_INTTYPES_H 1
#define HAVE_NETDB_H 1
#define HAVE_NETINET_IN_H 1
#define HAVE_STDLIB_H 1
#define HAVE_STRING_H 1
#define HAVE_STRINGS_H 1
#define HAVE_SYS_SOCKET_H 1
#define HAVE_SYS_TIME_H 1
#define HAVE_UNISTD_H 1
#define HAVE_FORK 1
#define HAVE_VFORK 1
#define HAVE_WORKING_VFORK 1
#define HAVE_WORKING_FORK 1
#define HAVE_STDLIB_H 1
#define HAVE_MALLOC 1
#define HAVE_STDLIB_H 1
#define HAVE_UNISTD_H 1
#define HAVE_SYS_PARAM_H 1
#define HAVE_GETPAGESIZE 1
#define HAVE_MMAP 1
#define HAVE_STDLIB_H 1
#define HAVE_REALLOC 1
#define HAVE_ALARM 1
#define HAVE_BZERO 1
#define HAVE_DUP2 1
#define HAVE_GETHOSTBYADDR 1
#define HAVE_GETHOSTBYNAME 1
#define HAVE_MUNMAP 1
#define HAVE_SELECT 1
#define HAVE_SOCKET 1
#define HAVE_STRERROR 1
#define HAVE_MEMSET 1

configure: exit 0
