This file contains any messages produced by compilers while
running configure, to aid debugging if configure makes a mistake.

It was created by Arm Examples configure 1.0, which was
generated by GNU Autoconf 2.69.  Invocation command line was

  $ ./configure --disable-option-checking --prefix=/usr/local --host=arm-eabi --enable-arm-compiler --cache-file=/dev/null --srcdir=.

## --------- ##
## Platform. ##
## --------- ##

hostname = im2ag-turing
uname -m = x86_64
uname -r = 4.13.13-6-pve
uname -s = Linux
uname -v = #1 SMP PVE 4.13.13-42 (Fri, 9 Mar 2018 11:55:18 +0100)

/usr/bin/uname -p = unknown
/bin/uname -X     = unknown

/bin/arch              = unknown
/usr/bin/arch -k       = unknown
/usr/convex/getsysinfo = unknown
/usr/bin/hostinfo      = unknown
/bin/machine           = unknown
/usr/bin/oslevel       = unknown
/bin/universe          = unknown

PATH: /Public/401_INF_Public/bin
PATH: /opt/gnu/arm/bin
PATH: /Public/401_INF_Public/bin
PATH: /opt/gnu/arm/bin
PATH: /usr/local/bin
PATH: /usr/local/sbin
PATH: /usr/bin
PATH: /usr/sbin
PATH: /bin
PATH: /sbin


## ----------- ##
## Core tests. ##
## ----------- ##

configure:1806: =======> configuring ARM examples for loader
configure:1854: checking for a BSD-compatible install
configure:1922: result: /usr/bin/install -c
configure:1933: checking whether build environment is sane
configure:1988: result: yes
configure:2047: checking for arm-eabi-strip
configure:2063: found /opt/gnu/arm/bin/arm-eabi-strip
configure:2074: result: arm-eabi-strip
configure:2139: checking for a thread-safe mkdir -p
configure:2178: result: /bin/mkdir -p
configure:2185: checking for gawk
configure:2201: found /usr/bin/gawk
configure:2212: result: gawk
configure:2223: checking whether make sets $(MAKE)
configure:2245: result: yes
configure:2274: checking whether make supports nested variables
configure:2291: result: yes
configure:2425: checking whether make supports the include directive
configure:2440: make -f confmf.GNU && cat confinc.out
this is the am__doit target
configure:2443: $? = 0
configure:2462: result: yes (GNU style)
configure:2508: checking for arm-eabi-gcc
configure:2524: found /opt/gnu/arm/bin/arm-eabi-gcc
configure:2535: result: arm-eabi-gcc
configure:2804: checking for C compiler version
configure:2813: arm-eabi-gcc --version >&5
arm-eabi-gcc (GCC) 4.5.3
Copyright (C) 2010 Free Software Foundation, Inc.
This is free software; see the source for copying conditions.  There is NO
warranty; not even for MERCHANTABILITY or FITNESS FOR A PARTICULAR PURPOSE.

configure:2824: $? = 0
configure:2813: arm-eabi-gcc -v >&5
Using built-in specs.
COLLECT_GCC=arm-eabi-gcc
COLLECT_LTO_WRAPPER=/opt/gnu/arm/libexec/gcc/arm-eabi/4.5.3/lto-wrapper
Target: arm-eabi
Configured with: /opt/gnu/arm/SRC/gcc/configure --prefix=/opt/gnu/arm --target=arm-eabi --with-endian=little,big --with-dwarf2 --with-mode=arm --disable-threads --disable-shared --disable-nls --with-gnu-ld --with-gnu-as --with-newlib --with-headers=/opt/gnu/arm/SRC/newlib-1.19.0/newlib/libc/include --enable-languages=c,c++ --disable-libgomp --enable-libssp --disable-libada --enable-target-optspace CFLAGS='-static -g'
Thread model: single
gcc version 4.5.3 (GCC) 
configure:2824: $? = 0
configure:2813: arm-eabi-gcc -V >&5
arm-eabi-gcc: '-V' option must have argument
configure:2824: $? = 1
configure:2813: arm-eabi-gcc -qversion >&5
arm-eabi-gcc: unrecognized option '-qversion'
arm-eabi-gcc: no input files
configure:2824: $? = 1
configure:2844: checking whether the C compiler works
configure:2866: arm-eabi-gcc   -nostdlib -Wl,--entry=0 conftest.c  >&5
configure:2870: $? = 0
configure:2918: result: yes
configure:2921: checking for C compiler default output file name
configure:2923: result: a.out
configure:2929: checking for suffix of executables
configure:2936: arm-eabi-gcc -o conftest   -nostdlib -Wl,--entry=0 conftest.c  >&5
configure:2940: $? = 0
configure:2962: result: 
configure:2984: checking whether we are cross compiling
configure:2992: arm-eabi-gcc -o conftest   -nostdlib -Wl,--entry=0 conftest.c  >&5
/tmp/ccWpTpzu.o: In function `main':
conftest.c:(.text+0x14): undefined reference to `fopen'
conftest.c:(.text+0x3c): undefined reference to `fclose'
collect2: ld returned 1 exit status
configure:2996: $? = 1
configure:3003: ./conftest
./configure: line 3005: ./conftest: No such file or directory
configure:3007: $? = 127
configure:3022: result: yes
configure:3027: checking for suffix of object files
configure:3049: arm-eabi-gcc -c   conftest.c >&5
configure:3053: $? = 0
configure:3074: result: o
configure:3078: checking whether we are using the GNU C compiler
configure:3097: arm-eabi-gcc -c   conftest.c >&5
configure:3097: $? = 0
configure:3106: result: yes
configure:3115: checking whether arm-eabi-gcc accepts -g
configure:3135: arm-eabi-gcc -c -g  conftest.c >&5
configure:3135: $? = 0
configure:3176: result: yes
configure:3193: checking for arm-eabi-gcc option to accept ISO C89
configure:3256: arm-eabi-gcc  -c -g -O2  conftest.c >&5
configure:3256: $? = 0
configure:3269: result: none needed
configure:3294: checking whether arm-eabi-gcc understands -c and -o together
configure:3316: arm-eabi-gcc -c conftest.c -o conftest2.o
configure:3319: $? = 0
configure:3316: arm-eabi-gcc -c conftest.c -o conftest2.o
configure:3319: $? = 0
configure:3331: result: yes
configure:3350: checking dependency style of arm-eabi-gcc
configure:3461: result: gcc3
configure:3487: checking whether the compiler is targeting ARM
configure:3490: result: yes
configure:4399: checking dependency style of arm-eabi-gcc
configure:4508: result: gcc3
configure:4524: checking whether C compiler accepts -no-pie
configure:4543: arm-eabi-gcc -c -g -O2 -Werror -no-pie  conftest.c >&5
arm-eabi-gcc: unrecognized option '-no-pie'
configure:4543: $? = 0
configure:4551: result: yes
configure:4696: checking that generated files are newer than configure
configure:4702: result: done
configure:4745: creating ./config.status

## ---------------------- ##
## Running config.status. ##
## ---------------------- ##

This file was extended by Arm Examples config.status 1.0, which was
generated by GNU Autoconf 2.69.  Invocation command line was

  CONFIG_FILES    = 
  CONFIG_HEADERS  = 
  CONFIG_LINKS    = 
  CONFIG_COMMANDS = 
  $ ./config.status 

on im2ag-turing

config.status:850: creating Makefile
config.status:850: creating config.h
config.status:1079: executing depfiles commands

## ---------------- ##
## Cache variables. ##
## ---------------- ##

ac_cv_c_compiler_gnu=yes
ac_cv_env_CCASFLAGS_set=
ac_cv_env_CCASFLAGS_value=
ac_cv_env_CCAS_set=
ac_cv_env_CCAS_value=
ac_cv_env_CC_set=
ac_cv_env_CC_value=
ac_cv_env_CFLAGS_set=
ac_cv_env_CFLAGS_value=
ac_cv_env_CPPFLAGS_set=
ac_cv_env_CPPFLAGS_value=
ac_cv_env_LDFLAGS_set=
ac_cv_env_LDFLAGS_value=
ac_cv_env_LIBS_set=
ac_cv_env_LIBS_value=
ac_cv_env_build_alias_set=
ac_cv_env_build_alias_value=
ac_cv_env_host_alias_set=set
ac_cv_env_host_alias_value=arm-eabi
ac_cv_env_target_alias_set=
ac_cv_env_target_alias_value=
ac_cv_objext=o
ac_cv_path_install='/usr/bin/install -c'
ac_cv_path_mkdir=/bin/mkdir
ac_cv_prog_AWK=gawk
ac_cv_prog_CC=arm-eabi-gcc
ac_cv_prog_STRIP=arm-eabi-strip
ac_cv_prog_cc_c89=
ac_cv_prog_cc_g=yes
ac_cv_prog_make_make_set=yes
am_cv_CCAS_dependencies_compiler_type=gcc3
am_cv_CC_dependencies_compiler_type=gcc3
am_cv_make_support_nested_variables=yes
am_cv_prog_cc_c_o=yes
ax_cv_check_cflags__Werror__no_pie=yes

## ----------------- ##
## Output variables. ##
## ----------------- ##

ACLOCAL='${SHELL} /home/p/praudv/Projet/elf_linker-1.0/build-aux/missing aclocal-1.16'
AMDEPBACKSLASH='\'
AMDEP_FALSE='#'
AMDEP_TRUE=''
AMTAR='$${TAR-tar}'
AM_BACKSLASH='\'
AM_DEFAULT_V='$(AM_DEFAULT_VERBOSITY)'
AM_DEFAULT_VERBOSITY='1'
AM_V='$(V)'
AUTOCONF='${SHELL} /home/p/praudv/Projet/elf_linker-1.0/build-aux/missing autoconf'
AUTOHEADER='${SHELL} /home/p/praudv/Projet/elf_linker-1.0/build-aux/missing autoheader'
AUTOMAKE='${SHELL} /home/p/praudv/Projet/elf_linker-1.0/build-aux/missing automake-1.16'
AWK='gawk'
CC='arm-eabi-gcc'
CCAS='arm-eabi-gcc'
CCASDEPMODE='depmode=gcc3'
CCASFLAGS='-g -O2'
CCDEPMODE='depmode=gcc3'
CFLAGS='-g -O2'
CPPFLAGS=''
CYGPATH_W='echo'
DEFS='-DHAVE_CONFIG_H'
DEPDIR='.deps'
ECHO_C=''
ECHO_N='-n'
ECHO_T=''
EXEEXT=''
HAVE_ARM_COMPILER_FALSE='#'
HAVE_ARM_COMPILER_TRUE=''
HAVE_NO_STDLIB_FALSE=''
HAVE_NO_STDLIB_TRUE='#'
INSTALL_DATA='${INSTALL} -m 644'
INSTALL_PROGRAM='${INSTALL}'
INSTALL_SCRIPT='${INSTALL}'
INSTALL_STRIP_PROGRAM='$(install_sh) -c -s'
LDFLAGS=''
LIBOBJS=''
LIBS=''
LTLIBOBJS=''
MAKEINFO='${SHELL} /home/p/praudv/Projet/elf_linker-1.0/build-aux/missing makeinfo'
MKDIR_P='/bin/mkdir -p'
OBJEXT='o'
PACKAGE='arm-examples'
PACKAGE_BUGREPORT='Guillaume.Huard@imag.fr'
PACKAGE_NAME='Arm Examples'
PACKAGE_STRING='Arm Examples 1.0'
PACKAGE_TARNAME='arm-examples'
PACKAGE_URL=''
PACKAGE_VERSION='1.0'
PATH_SEPARATOR=':'
SET_MAKE=''
SHELL='/bin/bash'
STRIP='arm-eabi-strip'
VD_CROSS_NOPIE_CFLAGS='-no-pie'
VD_CROSS_NOSTDLIB_LDFLAGS=''
VERSION='1.0'
ac_ct_CC=''
am__EXEEXT_FALSE=''
am__EXEEXT_TRUE='#'
am__fastdepCCAS_FALSE='#'
am__fastdepCCAS_TRUE=''
am__fastdepCC_FALSE='#'
am__fastdepCC_TRUE=''
am__include='include'
am__isrc=''
am__leading_dot='.'
am__nodep='_no'
am__quote=''
am__tar='$${TAR-tar} chof - "$$tardir"'
am__untar='$${TAR-tar} xf -'
bindir='${exec_prefix}/bin'
build_alias=''
datadir='${datarootdir}'
datarootdir='${prefix}/share'
docdir='${datarootdir}/doc/${PACKAGE_TARNAME}'
dvidir='${docdir}'
exec_prefix='${prefix}'
host_alias='arm-eabi'
htmldir='${docdir}'
includedir='${prefix}/include'
infodir='${datarootdir}/info'
install_sh='${SHELL} /home/p/praudv/Projet/elf_linker-1.0/build-aux/install-sh'
libdir='${exec_prefix}/lib'
libexecdir='${exec_prefix}/libexec'
localedir='${datarootdir}/locale'
localstatedir='${prefix}/var'
mandir='${datarootdir}/man'
mkdir_p='$(MKDIR_P)'
oldincludedir='/usr/include'
pdfdir='${docdir}'
prefix='/usr/local'
program_transform_name='s,x,x,'
psdir='${docdir}'
sbindir='${exec_prefix}/sbin'
sharedstatedir='${prefix}/com'
sysconfdir='${prefix}/etc'
target_alias=''

## ----------- ##
## confdefs.h. ##
## ----------- ##

/* confdefs.h */
#define PACKAGE_NAME "Arm Examples"
#define PACKAGE_TARNAME "arm-examples"
#define PACKAGE_VERSION "1.0"
#define PACKAGE_STRING "Arm Examples 1.0"
#define PACKAGE_BUGREPORT "Guillaume.Huard@imag.fr"
#define PACKAGE_URL ""
#define PACKAGE "arm-examples"
#define VERSION "1.0"

configure: exit 0
